

Started GET "/" for 127.0.0.1 at 2011-05-11 11:08:42 +0100
  Processing by HomeController#index as HTML
Rendered home/index.html.erb within layouts/application (1.5ms)
Completed 200 OK in 36ms (Views: 35.9ms | ActiveRecord: 0.0ms)


Started GET "/javascripts/jquery.js" for 127.0.0.1 at 2011-05-11 11:08:43 +0100

ActionController::RoutingError (No route matches "/javascripts/jquery.js"):
  

Rendered /Users/michael/.rvm/gems/ruby-1.9.2-p180/gems/actionpack-3.0.7/lib/action_dispatch/middleware/templates/rescues/routing_error.erb within rescues/layout (1.0ms)


Started GET "/" for 127.0.0.1 at 2011-05-11 11:09:09 +0100
  Processing by HomeController#index as HTML
Rendered home/index.html.erb within layouts/application (1.4ms)
Completed 200 OK in 6ms (Views: 5.2ms | ActiveRecord: 0.0ms)


Started GET "/" for 127.0.0.1 at 2011-05-11 11:09:29 +0100
  Processing by HomeController#index as HTML
Rendered home/index.html.erb within layouts/application (1.2ms)
Completed 200 OK in 5ms (Views: 4.9ms | ActiveRecord: 0.0ms)


Started GET "/" for 127.0.0.1 at 2011-05-11 11:10:07 +0100
  Processing by HomeController#index as HTML
Rendered home/index.html.erb within layouts/application (1.2ms)
Completed 200 OK in 5ms (Views: 5.1ms | ActiveRecord: 0.0ms)


Started GET "/" for 127.0.0.1 at 2011-05-13 16:22:52 +0100
  Processing by HomeController#index as HTML
Rendered home/index.html.erb within layouts/application (1.9ms)
Completed 200 OK in 13ms (Views: 12.5ms | ActiveRecord: 0.0ms)


Started GET "/" for 127.0.0.1 at 2011-05-13 16:25:49 +0100
  Processing by HomeController#index as HTML
Rendered home/index.html.erb within layouts/application (1.7ms)
Completed 200 OK in 6ms (Views: 5.5ms | ActiveRecord: 0.0ms)


Started GET "/error" for 127.0.0.1 at 2011-05-13 16:25:55 +0100
  Processing by HomeController#error as HTML
Redirected to 
Completed   in 21ms

ActionController::RedirectBackError (No HTTP_REFERER was set in the request to this action, so redirect_to :back could not be called successfully. If this is a test, make sure to specify request.env["HTTP_REFERER"].):
  app/controllers/home_controller.rb:6:in `error'

Rendered /Users/michael/.rvm/gems/ruby-1.9.2-p180/gems/actionpack-3.0.7/lib/action_dispatch/middleware/templates/rescues/_trace.erb (1.0ms)
Rendered /Users/michael/.rvm/gems/ruby-1.9.2-p180/gems/actionpack-3.0.7/lib/action_dispatch/middleware/templates/rescues/_request_and_response.erb (2.9ms)
Rendered /Users/michael/.rvm/gems/ruby-1.9.2-p180/gems/actionpack-3.0.7/lib/action_dispatch/middleware/templates/rescues/diagnostics.erb within rescues/layout (9.8ms)


Started GET "/error" for 127.0.0.1 at 2011-05-13 16:26:54 +0100
  Processing by HomeController#error as HTML
Redirected to 
Completed   in 0ms

ActionController::RedirectBackError (No HTTP_REFERER was set in the request to this action, so redirect_to :back could not be called successfully. If this is a test, make sure to specify request.env["HTTP_REFERER"].):
  app/controllers/home_controller.rb:6:in `error'

Rendered /Users/michael/.rvm/gems/ruby-1.9.2-p180/gems/actionpack-3.0.7/lib/action_dispatch/middleware/templates/rescues/_trace.erb (1.0ms)
Rendered /Users/michael/.rvm/gems/ruby-1.9.2-p180/gems/actionpack-3.0.7/lib/action_dispatch/middleware/templates/rescues/_request_and_response.erb (2.8ms)
Rendered /Users/michael/.rvm/gems/ruby-1.9.2-p180/gems/actionpack-3.0.7/lib/action_dispatch/middleware/templates/rescues/diagnostics.erb within rescues/layout (7.0ms)


Started GET "/" for 127.0.0.1 at 2011-05-13 16:26:55 +0100
  Processing by HomeController#index as HTML
Rendered home/index.html.erb within layouts/application (1.6ms)
Completed 200 OK in 6ms (Views: 5.5ms | ActiveRecord: 0.0ms)


Started GET "/" for 127.0.0.1 at 2011-05-13 16:27:44 +0100
  Processing by HomeController#index as HTML
Rendered home/index.html.erb within layouts/application (1.7ms)
Completed 200 OK in 6ms (Views: 5.5ms | ActiveRecord: 0.0ms)


Started GET "/home" for 127.0.0.1 at 2011-05-13 16:27:46 +0100

ActionController::RoutingError (No route matches "/home"):
  

Rendered /Users/michael/.rvm/gems/ruby-1.9.2-p180/gems/actionpack-3.0.7/lib/action_dispatch/middleware/templates/rescues/routing_error.erb within rescues/layout (0.9ms)


Started GET "/" for 127.0.0.1 at 2011-05-13 16:28:01 +0100
  Processing by HomeController#index as HTML
Rendered home/index.html.erb within layouts/application (1.9ms)
Completed 200 OK in 6ms (Views: 6.0ms | ActiveRecord: 0.0ms)


Started GET "/error" for 127.0.0.1 at 2011-05-13 16:28:03 +0100
  Processing by HomeController#error as HTML
Redirected to http://localhost:3000/
Completed 302 Found in 0ms


Started GET "/" for 127.0.0.1 at 2011-05-13 16:28:03 +0100
  Processing by HomeController#index as HTML
Rendered home/index.html.erb within layouts/application (1.9ms)
Completed 200 OK in 6ms (Views: 5.6ms | ActiveRecord: 0.0ms)


Started GET "/error" for 127.0.0.1 at 2011-05-13 16:28:05 +0100
  Processing by HomeController#error as HTML
Redirected to http://localhost:3000/
Completed 302 Found in 0ms


Started GET "/" for 127.0.0.1 at 2011-05-13 16:28:05 +0100
  Processing by HomeController#index as HTML
Rendered home/index.html.erb within layouts/application (1.8ms)
Completed 200 OK in 6ms (Views: 5.5ms | ActiveRecord: 0.0ms)


Started GET "/" for 127.0.0.1 at 2011-05-13 16:28:46 +0100
  Processing by HomeController#index as HTML
Rendered home/index.html.erb within layouts/application (1.8ms)
Completed 200 OK in 6ms (Views: 5.6ms | ActiveRecord: 0.0ms)


Started GET "/error" for 127.0.0.1 at 2011-05-13 16:28:47 +0100
  Processing by HomeController#error as HTML
Redirected to http://localhost:3000/
Completed 302 Found in 0ms


Started GET "/" for 127.0.0.1 at 2011-05-13 16:28:47 +0100
  Processing by HomeController#index as HTML
Rendered home/index.html.erb within layouts/application (1.9ms)
Completed 200 OK in 6ms (Views: 5.8ms | ActiveRecord: 0.0ms)


Started GET "/" for 127.0.0.1 at 2011-05-13 16:28:49 +0100
  Processing by HomeController#index as HTML
Rendered home/index.html.erb within layouts/application (1.8ms)
Completed 200 OK in 6ms (Views: 5.6ms | ActiveRecord: 0.0ms)


Started GET "/error" for 127.0.0.1 at 2011-05-13 16:28:50 +0100
  Processing by HomeController#error as HTML
Redirected to http://localhost:3000/
Completed 302 Found in 0ms


Started GET "/" for 127.0.0.1 at 2011-05-13 16:28:50 +0100
  Processing by HomeController#index as HTML
Rendered home/index.html.erb within layouts/application (1.7ms)
Completed 200 OK in 6ms (Views: 5.4ms | ActiveRecord: 0.0ms)


Started GET "/" for 127.0.0.1 at 2011-05-13 16:29:24 +0100
  Processing by HomeController#index as HTML
Rendered home/index.html.erb within layouts/application (1.9ms)
Completed 200 OK in 6ms (Views: 5.7ms | ActiveRecord: 0.0ms)


Started GET "/error" for 127.0.0.1 at 2011-05-13 16:29:25 +0100
  Processing by HomeController#error as HTML
Redirected to http://localhost:3000/
Completed 302 Found in 0ms


Started GET "/" for 127.0.0.1 at 2011-05-13 16:29:25 +0100
  Processing by HomeController#index as HTML
Rendered home/index.html.erb within layouts/application (1.9ms)
Completed 200 OK in 6ms (Views: 5.6ms | ActiveRecord: 0.0ms)


Started GET "/error" for 127.0.0.1 at 2011-05-13 16:29:29 +0100
  Processing by HomeController#error as HTML
Redirected to http://localhost:3000/
Completed 302 Found in 0ms


Started GET "/" for 127.0.0.1 at 2011-05-13 16:29:30 +0100
  Processing by HomeController#index as HTML
Rendered home/index.html.erb within layouts/application (1.9ms)
Completed 200 OK in 6ms (Views: 5.7ms | ActiveRecord: 0.0ms)


Started GET "/error" for 127.0.0.1 at 2011-05-13 16:29:30 +0100
  Processing by HomeController#error as HTML
Redirected to http://localhost:3000/
Completed 302 Found in 0ms


Started GET "/" for 127.0.0.1 at 2011-05-13 16:29:30 +0100
  Processing by HomeController#index as HTML
Rendered home/index.html.erb within layouts/application (2.0ms)
Completed 200 OK in 6ms (Views: 6.1ms | ActiveRecord: 0.0ms)


Started GET "/error" for 127.0.0.1 at 2011-05-13 16:29:31 +0100
  Processing by HomeController#error as HTML
Redirected to http://localhost:3000/
Completed 302 Found in 0ms


Started GET "/" for 127.0.0.1 at 2011-05-13 16:29:31 +0100
  Processing by HomeController#index as HTML
Rendered home/index.html.erb within layouts/application (1.9ms)
Completed 200 OK in 6ms (Views: 5.6ms | ActiveRecord: 0.0ms)


Started GET "/error" for 127.0.0.1 at 2011-05-13 16:29:35 +0100
  Processing by HomeController#error as HTML
Redirected to 
Completed   in 0ms

ActionController::RedirectBackError (No HTTP_REFERER was set in the request to this action, so redirect_to :back could not be called successfully. If this is a test, make sure to specify request.env["HTTP_REFERER"].):
  app/controllers/home_controller.rb:6:in `error'

Rendered /Users/michael/.rvm/gems/ruby-1.9.2-p180/gems/actionpack-3.0.7/lib/action_dispatch/middleware/templates/rescues/_trace.erb (1.0ms)
Rendered /Users/michael/.rvm/gems/ruby-1.9.2-p180/gems/actionpack-3.0.7/lib/action_dispatch/middleware/templates/rescues/_request_and_response.erb (2.6ms)
Rendered /Users/michael/.rvm/gems/ruby-1.9.2-p180/gems/actionpack-3.0.7/lib/action_dispatch/middleware/templates/rescues/diagnostics.erb within rescues/layout (6.9ms)


Started GET "/" for 127.0.0.1 at 2011-05-13 16:29:41 +0100
  Processing by HomeController#index as HTML
Rendered home/index.html.erb within layouts/application (2.0ms)
Completed 200 OK in 6ms (Views: 5.8ms | ActiveRecord: 0.0ms)


Started GET "/error" for 127.0.0.1 at 2011-05-13 16:29:42 +0100
  Processing by HomeController#error as HTML
Redirected to http://localhost:3000/
Completed 302 Found in 1ms


Started GET "/" for 127.0.0.1 at 2011-05-13 16:29:42 +0100
  Processing by HomeController#index as HTML
Rendered home/index.html.erb within layouts/application (1.9ms)
Completed 200 OK in 6ms (Views: 5.8ms | ActiveRecord: 0.0ms)


Started GET "/" for 127.0.0.1 at 2011-05-13 16:29:58 +0100
  Processing by HomeController#index as HTML
Rendered home/index.html.erb within layouts/application (1.9ms)
Completed 200 OK in 6ms (Views: 5.9ms | ActiveRecord: 0.0ms)


Started GET "/error" for 127.0.0.1 at 2011-05-13 16:29:59 +0100
  Processing by HomeController#error as HTML
Redirected to http://localhost:3000/
Completed 302 Found in 1ms


Started GET "/" for 127.0.0.1 at 2011-05-13 16:29:59 +0100
  Processing by HomeController#index as HTML
Rendered home/index.html.erb within layouts/application (1.9ms)
Completed 200 OK in 6ms (Views: 5.6ms | ActiveRecord: 0.0ms)


Started GET "/error" for 127.0.0.1 at 2011-05-13 16:30:00 +0100
  Processing by HomeController#error as HTML
Redirected to http://localhost:3000/
Completed 302 Found in 1ms


Started GET "/" for 127.0.0.1 at 2011-05-13 16:30:00 +0100
  Processing by HomeController#index as HTML
Rendered home/index.html.erb within layouts/application (1.9ms)
Completed 200 OK in 6ms (Views: 5.6ms | ActiveRecord: 0.0ms)


Started GET "/error" for 127.0.0.1 at 2011-05-13 16:30:01 +0100
  Processing by HomeController#error as HTML
Redirected to http://localhost:3000/
Completed 302 Found in 1ms


Started GET "/" for 127.0.0.1 at 2011-05-13 16:30:01 +0100
  Processing by HomeController#index as HTML
Rendered home/index.html.erb within layouts/application (1.9ms)
Completed 200 OK in 6ms (Views: 5.7ms | ActiveRecord: 0.0ms)


Started GET "/error" for 127.0.0.1 at 2011-05-13 16:30:01 +0100
  Processing by HomeController#error as HTML
Redirected to http://localhost:3000/
Completed 302 Found in 1ms


Started GET "/" for 127.0.0.1 at 2011-05-13 16:30:01 +0100
  Processing by HomeController#index as HTML
Rendered home/index.html.erb within layouts/application (2.6ms)
Completed 200 OK in 7ms (Views: 6.8ms | ActiveRecord: 0.0ms)


Started GET "/error" for 127.0.0.1 at 2011-05-13 16:30:01 +0100
  Processing by HomeController#error as HTML
Redirected to http://localhost:3000/
Completed 302 Found in 25ms


Started GET "/" for 127.0.0.1 at 2011-05-13 16:30:01 +0100
  Processing by HomeController#index as HTML
Rendered home/index.html.erb within layouts/application (1.9ms)
Completed 200 OK in 6ms (Views: 5.6ms | ActiveRecord: 0.0ms)


Started GET "/error" for 127.0.0.1 at 2011-05-13 16:30:01 +0100
  Processing by HomeController#error as HTML
Redirected to http://localhost:3000/
Completed 302 Found in 1ms


Started GET "/" for 127.0.0.1 at 2011-05-13 16:30:01 +0100
  Processing by HomeController#index as HTML
Rendered home/index.html.erb within layouts/application (1.8ms)
Completed 200 OK in 6ms (Views: 5.6ms | ActiveRecord: 0.0ms)


Started GET "/error" for 127.0.0.1 at 2011-05-13 16:30:01 +0100
  Processing by HomeController#error as HTML
Redirected to http://localhost:3000/
Completed 302 Found in 1ms


Started GET "/" for 127.0.0.1 at 2011-05-13 16:30:01 +0100
  Processing by HomeController#index as HTML
Rendered home/index.html.erb within layouts/application (2.0ms)
Completed 200 OK in 7ms (Views: 6.3ms | ActiveRecord: 0.0ms)


Started GET "/error" for 127.0.0.1 at 2011-05-13 16:30:01 +0100
  Processing by HomeController#error as HTML
Redirected to http://localhost:3000/
Completed 302 Found in 1ms


Started GET "/" for 127.0.0.1 at 2011-05-13 16:30:01 +0100
  Processing by HomeController#index as HTML
Rendered home/index.html.erb within layouts/application (1.9ms)
Completed 200 OK in 6ms (Views: 5.6ms | ActiveRecord: 0.0ms)


Started GET "/error" for 127.0.0.1 at 2011-05-13 16:30:02 +0100
  Processing by HomeController#error as HTML
Redirected to http://localhost:3000/
Completed 302 Found in 1ms


Started GET "/" for 127.0.0.1 at 2011-05-13 16:30:02 +0100
  Processing by HomeController#index as HTML
Rendered home/index.html.erb within layouts/application (2.0ms)
Completed 200 OK in 7ms (Views: 6.2ms | ActiveRecord: 0.0ms)


Started GET "/error" for 127.0.0.1 at 2011-05-13 16:30:02 +0100
  Processing by HomeController#error as HTML
Redirected to http://localhost:3000/
Completed 302 Found in 1ms


Started GET "/" for 127.0.0.1 at 2011-05-13 16:30:02 +0100
  Processing by HomeController#index as HTML
Rendered home/index.html.erb within layouts/application (5.6ms)
Completed 200 OK in 10ms (Views: 9.6ms | ActiveRecord: 0.0ms)


Started GET "/" for 127.0.0.1 at 2011-05-13 16:30:24 +0100
  Processing by HomeController#index as HTML
Rendered home/index.html.erb within layouts/application (2.0ms)
Completed 200 OK in 6ms (Views: 5.8ms | ActiveRecord: 0.0ms)


Started GET "/error" for 127.0.0.1 at 2011-05-13 16:30:25 +0100
  Processing by HomeController#error as HTML
Redirected to http://localhost:3000/
Completed 302 Found in 1ms


Started GET "/" for 127.0.0.1 at 2011-05-13 16:30:25 +0100
  Processing by HomeController#index as HTML
Rendered home/index.html.erb within layouts/application (1.9ms)
Completed 200 OK in 6ms (Views: 5.7ms | ActiveRecord: 0.0ms)


Started GET "/error" for 127.0.0.1 at 2011-05-13 16:30:28 +0100
  Processing by HomeController#error as HTML
Redirected to http://localhost:3000/
Completed 302 Found in 1ms


Started GET "/" for 127.0.0.1 at 2011-05-13 16:30:28 +0100
  Processing by HomeController#index as HTML
Rendered home/index.html.erb within layouts/application (1.9ms)
Completed 200 OK in 6ms (Views: 5.7ms | ActiveRecord: 0.0ms)


Started GET "/" for 127.0.0.1 at 2011-05-13 16:30:51 +0100
  Processing by HomeController#index as HTML
Rendered home/index.html.erb within layouts/application (2.0ms)
Completed 200 OK in 6ms (Views: 6.2ms | ActiveRecord: 0.0ms)


Started GET "/error" for 127.0.0.1 at 2011-05-13 16:30:52 +0100
  Processing by HomeController#error as HTML
Redirected to http://localhost:3000/
Completed 302 Found in 1ms


Started GET "/" for 127.0.0.1 at 2011-05-13 16:30:52 +0100
  Processing by HomeController#index as HTML
Rendered home/index.html.erb within layouts/application (1.9ms)
Completed 200 OK in 6ms (Views: 5.7ms | ActiveRecord: 0.0ms)


Started GET "/notice" for 127.0.0.1 at 2011-05-13 16:30:53 +0100
  Processing by HomeController#notice as HTML
Redirected to http://localhost:3000/
Completed 302 Found in 1ms


Started GET "/" for 127.0.0.1 at 2011-05-13 16:30:53 +0100
  Processing by HomeController#index as HTML
Rendered home/index.html.erb within layouts/application (1.9ms)
Completed 200 OK in 6ms (Views: 5.7ms | ActiveRecord: 0.0ms)


Started GET "/alert" for 127.0.0.1 at 2011-05-13 16:30:54 +0100
  Processing by HomeController#alert as HTML
Redirected to http://localhost:3000/
Completed 302 Found in 1ms


Started GET "/" for 127.0.0.1 at 2011-05-13 16:30:54 +0100
  Processing by HomeController#index as HTML
Rendered home/index.html.erb within layouts/application (1.9ms)
Completed 200 OK in 6ms (Views: 5.6ms | ActiveRecord: 0.0ms)


Started GET "/notice" for 127.0.0.1 at 2011-05-13 16:30:56 +0100
  Processing by HomeController#notice as HTML
Redirected to http://localhost:3000/
Completed 302 Found in 1ms


Started GET "/" for 127.0.0.1 at 2011-05-13 16:30:56 +0100
  Processing by HomeController#index as HTML
Rendered home/index.html.erb within layouts/application (1.9ms)
Completed 200 OK in 6ms (Views: 5.7ms | ActiveRecord: 0.0ms)


Started GET "/error" for 127.0.0.1 at 2011-05-13 16:30:56 +0100
  Processing by HomeController#error as HTML
Redirected to http://localhost:3000/
Completed 302 Found in 1ms


Started GET "/" for 127.0.0.1 at 2011-05-13 16:30:56 +0100
  Processing by HomeController#index as HTML
Rendered home/index.html.erb within layouts/application (26.2ms)
Completed 200 OK in 30ms (Views: 30.1ms | ActiveRecord: 0.0ms)


Started GET "/" for 127.0.0.1 at 2011-05-13 16:31:07 +0100
  Processing by HomeController#index as HTML
Rendered home/index.html.erb within layouts/application (2.0ms)
Completed 200 OK in 6ms (Views: 5.9ms | ActiveRecord: 0.0ms)


Started GET "/error" for 127.0.0.1 at 2011-05-13 16:31:08 +0100
  Processing by HomeController#error as HTML
Redirected to http://localhost:3000/
Completed 302 Found in 1ms


Started GET "/" for 127.0.0.1 at 2011-05-13 16:31:08 +0100
  Processing by HomeController#index as HTML
Rendered home/index.html.erb within layouts/application (1.9ms)
Completed 200 OK in 6ms (Views: 5.7ms | ActiveRecord: 0.0ms)


Started GET "/notice" for 127.0.0.1 at 2011-05-13 16:31:09 +0100
  Processing by HomeController#notice as HTML
Redirected to http://localhost:3000/
Completed 302 Found in 1ms


Started GET "/" for 127.0.0.1 at 2011-05-13 16:31:09 +0100
  Processing by HomeController#index as HTML
Rendered home/index.html.erb within layouts/application (1.9ms)
Completed 200 OK in 6ms (Views: 5.7ms | ActiveRecord: 0.0ms)


Started GET "/alert" for 127.0.0.1 at 2011-05-13 16:31:10 +0100
  Processing by HomeController#alert as HTML
Redirected to http://localhost:3000/
Completed 302 Found in 1ms


Started GET "/" for 127.0.0.1 at 2011-05-13 16:31:10 +0100
  Processing by HomeController#index as HTML
Rendered home/index.html.erb within layouts/application (1.9ms)
Completed 200 OK in 6ms (Views: 5.6ms | ActiveRecord: 0.0ms)


Started GET "/" for 127.0.0.1 at 2011-05-13 16:33:15 +0100
  Processing by HomeController#index as HTML
Rendered home/index.html.erb within layouts/application (2.0ms)
Completed 200 OK in 6ms (Views: 5.9ms | ActiveRecord: 0.0ms)


Started GET "/error" for 127.0.0.1 at 2011-05-13 16:33:16 +0100
  Processing by HomeController#error as HTML
Redirected to http://localhost:3000/
Completed 302 Found in 1ms


Started GET "/" for 127.0.0.1 at 2011-05-13 16:33:16 +0100
  Processing by HomeController#index as HTML
Rendered home/index.html.erb within layouts/application (2.0ms)
Completed 200 OK in 6ms (Views: 6.0ms | ActiveRecord: 0.0ms)


Started GET "/notice" for 127.0.0.1 at 2011-05-13 16:33:17 +0100
  Processing by HomeController#notice as HTML
Redirected to http://localhost:3000/
Completed 302 Found in 1ms


Started GET "/" for 127.0.0.1 at 2011-05-13 16:33:17 +0100
  Processing by HomeController#index as HTML
Rendered home/index.html.erb within layouts/application (2.0ms)
Completed 200 OK in 6ms (Views: 5.9ms | ActiveRecord: 0.0ms)


Started GET "/alert" for 127.0.0.1 at 2011-05-13 16:33:18 +0100
  Processing by HomeController#alert as HTML
Redirected to http://localhost:3000/
Completed 302 Found in 1ms


Started GET "/" for 127.0.0.1 at 2011-05-13 16:33:18 +0100
  Processing by HomeController#index as HTML
Rendered home/index.html.erb within layouts/application (1.9ms)
Completed 200 OK in 6ms (Views: 5.7ms | ActiveRecord: 0.0ms)


Started GET "/notice" for 127.0.0.1 at 2011-05-13 16:33:19 +0100
  Processing by HomeController#notice as HTML
Redirected to http://localhost:3000/
Completed 302 Found in 1ms


Started GET "/" for 127.0.0.1 at 2011-05-13 16:33:19 +0100
  Processing by HomeController#index as HTML
Rendered home/index.html.erb within layouts/application (1.9ms)
Completed 200 OK in 6ms (Views: 5.8ms | ActiveRecord: 0.0ms)


Started GET "/notice" for 127.0.0.1 at 2011-05-13 16:33:19 +0100
  Processing by HomeController#notice as HTML
Redirected to http://localhost:3000/
Completed 302 Found in 1ms


Started GET "/" for 127.0.0.1 at 2011-05-13 16:33:19 +0100
  Processing by HomeController#index as HTML
Rendered home/index.html.erb within layouts/application (1.9ms)
Completed 200 OK in 6ms (Views: 5.6ms | ActiveRecord: 0.0ms)


Started GET "/notice" for 127.0.0.1 at 2011-05-13 16:33:22 +0100
  Processing by HomeController#notice as HTML
Redirected to http://localhost:3000/
Completed 302 Found in 1ms


Started GET "/" for 127.0.0.1 at 2011-05-13 16:33:22 +0100
  Processing by HomeController#index as HTML
Rendered home/index.html.erb within layouts/application (1.9ms)
Completed 200 OK in 6ms (Views: 5.7ms | ActiveRecord: 0.0ms)


Started GET "/error" for 127.0.0.1 at 2011-05-13 16:33:22 +0100
  Processing by HomeController#error as HTML
Redirected to http://localhost:3000/
Completed 302 Found in 1ms


Started GET "/" for 127.0.0.1 at 2011-05-13 16:33:22 +0100
  Processing by HomeController#index as HTML
Rendered home/index.html.erb within layouts/application (1.9ms)
Completed 200 OK in 6ms (Views: 5.6ms | ActiveRecord: 0.0ms)


Started GET "/notice" for 127.0.0.1 at 2011-05-13 16:33:23 +0100
  Processing by HomeController#notice as HTML
Redirected to http://localhost:3000/
Completed 302 Found in 1ms


Started GET "/" for 127.0.0.1 at 2011-05-13 16:33:23 +0100
  Processing by HomeController#index as HTML
Rendered home/index.html.erb within layouts/application (1.9ms)
Completed 200 OK in 6ms (Views: 5.6ms | ActiveRecord: 0.0ms)


Started GET "/" for 127.0.0.1 at 2011-05-13 16:33:29 +0100
  Processing by HomeController#index as HTML
Rendered home/index.html.erb within layouts/application (2.0ms)
Completed 200 OK in 6ms (Views: 5.7ms | ActiveRecord: 0.0ms)


Started GET "/error" for 127.0.0.1 at 2011-05-13 16:33:30 +0100
  Processing by HomeController#error as HTML
Redirected to http://localhost:3000/
Completed 302 Found in 1ms


Started GET "/" for 127.0.0.1 at 2011-05-13 16:33:30 +0100
  Processing by HomeController#index as HTML
Rendered home/index.html.erb within layouts/application (2.0ms)
Completed 200 OK in 6ms (Views: 5.7ms | ActiveRecord: 0.0ms)


Started GET "/notice" for 127.0.0.1 at 2011-05-13 16:33:31 +0100
  Processing by HomeController#notice as HTML
Redirected to http://localhost:3000/
Completed 302 Found in 1ms


Started GET "/" for 127.0.0.1 at 2011-05-13 16:33:31 +0100
  Processing by HomeController#index as HTML
Rendered home/index.html.erb within layouts/application (2.0ms)
Completed 200 OK in 6ms (Views: 5.8ms | ActiveRecord: 0.0ms)


Started GET "/alert" for 127.0.0.1 at 2011-05-13 16:33:31 +0100
  Processing by HomeController#alert as HTML
Redirected to http://localhost:3000/
Completed 302 Found in 1ms


Started GET "/" for 127.0.0.1 at 2011-05-13 16:33:31 +0100
  Processing by HomeController#index as HTML
Rendered home/index.html.erb within layouts/application (2.5ms)
Completed 200 OK in 7ms (Views: 6.8ms | ActiveRecord: 0.0ms)


Started GET "/alert" for 127.0.0.1 at 2011-05-13 16:33:32 +0100
  Processing by HomeController#alert as HTML
Redirected to http://localhost:3000/
Completed 302 Found in 26ms


Started GET "/" for 127.0.0.1 at 2011-05-13 16:33:32 +0100
  Processing by HomeController#index as HTML
Rendered home/index.html.erb within layouts/application (1.9ms)
Completed 200 OK in 6ms (Views: 5.6ms | ActiveRecord: 0.0ms)


Started GET "/" for 127.0.0.1 at 2011-05-13 16:33:49 +0100
  Processing by HomeController#index as HTML
Rendered home/index.html.erb within layouts/application (2.0ms)
Completed 200 OK in 6ms (Views: 5.9ms | ActiveRecord: 0.0ms)


Started GET "/error" for 127.0.0.1 at 2011-05-13 16:33:50 +0100
  Processing by HomeController#error as HTML
Redirected to http://localhost:3000/
Completed 302 Found in 1ms


Started GET "/" for 127.0.0.1 at 2011-05-13 16:33:50 +0100
  Processing by HomeController#index as HTML
Rendered home/index.html.erb within layouts/application (2.5ms)
Completed 200 OK in 7ms (Views: 6.4ms | ActiveRecord: 0.0ms)


Started GET "/alert" for 127.0.0.1 at 2011-05-13 16:33:51 +0100
  Processing by HomeController#alert as HTML
Redirected to http://localhost:3000/
Completed 302 Found in 1ms


Started GET "/" for 127.0.0.1 at 2011-05-13 16:33:51 +0100
  Processing by HomeController#index as HTML
Rendered home/index.html.erb within layouts/application (2.1ms)
Completed 200 OK in 6ms (Views: 6.0ms | ActiveRecord: 0.0ms)


Started GET "/notice" for 127.0.0.1 at 2011-05-13 16:33:51 +0100
  Processing by HomeController#notice as HTML
Redirected to http://localhost:3000/
Completed 302 Found in 1ms


Started GET "/" for 127.0.0.1 at 2011-05-13 16:33:51 +0100
  Processing by HomeController#index as HTML
Rendered home/index.html.erb within layouts/application (1.9ms)
Completed 200 OK in 6ms (Views: 5.6ms | ActiveRecord: 0.0ms)
